#
# There is insufficient memory for the Java Runtime Environment to continue.
# Native memory allocation (malloc) failed to allocate 1136144 bytes for Chunk::new
# Possible reasons:
#   The system is out of physical RAM or swap space
#   The process is running with CompressedOops enabled, and the Java Heap may be blocking the growth of the native heap
# Possible solutions:
#   Reduce memory load on the system
#   Increase physical memory or swap space
#   Check if swap backing store is full
#   Decrease Java heap size (-Xmx/-Xms)
#   Decrease number of Java threads
#   Decrease Java thread stack sizes (-Xss)
#   Set larger code cache with -XX:ReservedCodeCacheSize=
#   JVM is running with Unscaled Compressed Oops mode in which the Java heap is
#     placed in the first 4GB address space. The Java Heap base address is the
#     maximum limit for the native heap growth. Please use -XX:HeapBaseMinAddress
#     to set the Java Heap base and to place the Java Heap above 4GB virtual address.
# This output file may be truncated or incomplete.
#
#  Out of Memory Error (allocation.cpp:390), pid=9904, tid=0x000000000000244c
#
# JRE version: Java(TM) SE Runtime Environment (8.0_201-b09) (build 1.8.0_201-b09)
# Java VM: Java HotSpot(TM) 64-Bit Server VM (25.201-b09 mixed mode windows-amd64 compressed oops)
# Failed to write core dump. Minidumps are not enabled by default on client versions of Windows
#

---------------  T H R E A D  ---------------

Current thread (0x0000000054ef6800):  JavaThread "C2 CompilerThread0" daemon [_thread_in_native, id=9292, stack(0x00000000560d0000,0x00000000561d0000)]

Stack: [0x00000000560d0000,0x00000000561d0000]
[error occurred during error reporting (printing stack bounds), id 0xc0000005]

Native frames: (J=compiled Java code, j=interpreted, Vv=VM code, C=native code)


Current CompileTask:
C2:  52637 3953       4       java.io.WinNTFileSystem::normalize (143 bytes)


---------------  P R O C E S S  ---------------

Java Threads: ( => current thread )
  0x00000000563f3000 JavaThread "Service Thread" daemon [_thread_blocked, id=4464, stack(0x0000000055f80000,0x0000000056080000)]
  0x0000000054f08000 JavaThread "C1 CompilerThread1" daemon [_thread_blocked, id=8776, stack(0x00000000562e0000,0x00000000563e0000)]
=>0x0000000054ef6800 JavaThread "C2 CompilerThread0" daemon [_thread_in_native, id=9292, stack(0x00000000560d0000,0x00000000561d0000)]
  0x0000000054eee800 JavaThread "Attach Listener" daemon [_thread_blocked, id=4372, stack(0x0000000055830000,0x0000000055930000)]
  0x0000000054eed000 JavaThread "Signal Dispatcher" daemon [_thread_blocked, id=1948, stack(0x0000000055e50000,0x0000000055f50000)]
  0x0000000054ecf800 JavaThread "Finalizer" daemon [_thread_blocked, id=8152, stack(0x0000000055cd0000,0x0000000055dd0000)]
  0x0000000054ec6000 JavaThread "Reference Handler" daemon [_thread_blocked, id=10052, stack(0x0000000055af0000,0x0000000055bf0000)]
  0x0000000001d71800 JavaThread "main" [_thread_in_Java, id=4728, stack(0x0000000002210000,0x0000000002310000)]

Other Threads:
  0x0000000054e7e000 VMThread [stack: 0x0000000055990000,0x0000000055a90000] [id=9740]
  0x00000000563f6000 WatcherThread [stack: 0x0000000056930000,0x0000000056a30000] [id=2444]

VM state:not at safepoint (normal execution)

VM Mutex/Monitor currently owned by a thread: None

heap address: 0x00000000c8600000, size: 890 MB, Compressed Oops mode: 32-bit
Narrow klass base: 0x0000000000000000, Narrow klass shift: 0
Compressed class space size: 1073741824 Address: 0x0000000013b60000

Heap:
 PSYoungGen      total 65536K, used 49283K [0x00000000ed780000, 0x00000000f5780000, 0x0000000100000000)
  eden space 57856K, 85% used [0x00000000ed780000,0x00000000f07a0c48,0x00000000f1000000)
  from space 7680K, 0% used [0x00000000f1800000,0x00000000f1800000,0x00000000f1f80000)
  to   space 8192K, 0% used [0x00000000f1000000,0x00000000f1000000,0x00000000f1800000)
 ParOldGen       total 38400K, used 13806K [0x00000000c8600000, 0x00000000cab80000, 0x00000000ed780000)
  object space 38400K, 35% used [0x00000000c8600000,0x00000000c937bbd8,0x00000000cab80000)
 Metaspace       used 23200K, capacity 23748K, committed 23936K, reserved 1071104K
  class space    used 2736K, capacity 2885K, committed 2944K, reserved 1048576K

Card table byte_map: [0x0000000002050000,0x0000000002210000] byte_map_base: 0x0000000001a0d000

Marking Bits: (ParMarkBitMap*) 0x0000000054cc4ce0
 Begin Bits: [0x0000000011f90000, 0x0000000012d78000)
 End Bits:   [0x0000000012d78000, 0x0000000013b60000)

Polling page: 0x0000000000310000

CodeCache: size=245760Kb used=11180Kb max_used=12349Kb free=234579Kb
 bounds [0x00000000025e0000, 0x0000000003220000, 0x00000000115e0000]
 total_blobs=3940 nmethods=3524 adapters=329
 compilation: enabled

Compilation events (10 events):
Event: 52.059 Thread 0x0000000054f08000 4034       3       org.apache.maven.artifact.DefaultArtifact::setDependencyTrail (6 bytes)
Event: 52.060 Thread 0x0000000054f08000 nmethod 4034 0x0000000002b778d0 code [0x0000000002b77a20, 0x0000000002b77b90]
Event: 52.060 Thread 0x0000000054f08000 4037       3       com.google.inject.name.NamedImpl::equals (28 bytes)
Event: 52.061 Thread 0x0000000054f08000 nmethod 4037 0x0000000002afb750 code [0x0000000002afb8e0, 0x0000000002afbe18]
Event: 52.067 Thread 0x0000000054f08000 4038   !   3       java.net.URLClassLoader$1::run (63 bytes)
Event: 52.069 Thread 0x0000000054f08000 nmethod 4038 0x0000000002788a90 code [0x0000000002788c60, 0x0000000002789168]
Event: 52.082 Thread 0x0000000054f08000 4039       3       com.google.inject.internal.MoreTypes::canonicalize (148 bytes)
Event: 52.084 Thread 0x0000000054f08000 nmethod 4039 0x000000000297c2d0 code [0x000000000297c5a0, 0x000000000297dc68]
Event: 52.089 Thread 0x0000000054f08000 4040       3       org.eclipse.sisu.plexus.Hints::canonicalHint (21 bytes)
Event: 52.090 Thread 0x0000000054f08000 nmethod 4040 0x0000000002863b50 code [0x0000000002863cc0, 0x0000000002864028]

GC Heap History (10 events):
Event: 29.443 GC heap before
{Heap before GC invocations=5 (full 0):
 PSYoungGen      total 31744K, used 31744K [0x00000000ed780000, 0x00000000ef880000, 0x0000000100000000)
  eden space 29696K, 100% used [0x00000000ed780000,0x00000000ef480000,0x00000000ef480000)
  from space 2048K, 100% used [0x00000000ef680000,0x00000000ef880000,0x00000000ef880000)
  to   space 2048K, 0% used [0x00000000ef480000,0x00000000ef480000,0x00000000ef680000)
 ParOldGen       total 38400K, used 6041K [0x00000000c8600000, 0x00000000cab80000, 0x00000000ed780000)
  object space 38400K, 15% used [0x00000000c8600000,0x00000000c8be6538,0x00000000cab80000)
 Metaspace       used 14805K, capacity 15074K, committed 15360K, reserved 1062912K
  class space    used 1824K, capacity 1941K, committed 2048K, reserved 1048576K
Event: 29.497 GC heap after
Heap after GC invocations=5 (full 0):
 PSYoungGen      total 31744K, used 2048K [0x00000000ed780000, 0x00000000f1e80000, 0x0000000100000000)
  eden space 29696K, 0% used [0x00000000ed780000,0x00000000ed780000,0x00000000ef480000)
  from space 2048K, 100% used [0x00000000ef480000,0x00000000ef680000,0x00000000ef680000)
  to   space 6656K, 0% used [0x00000000f1800000,0x00000000f1800000,0x00000000f1e80000)
 ParOldGen       total 38400K, used 10627K [0x00000000c8600000, 0x00000000cab80000, 0x00000000ed780000)
  object space 38400K, 27% used [0x00000000c8600000,0x00000000c9060c30,0x00000000cab80000)
 Metaspace       used 14805K, capacity 15074K, committed 15360K, reserved 1062912K
  class space    used 1824K, capacity 1941K, committed 2048K, reserved 1048576K
}
Event: 35.124 GC heap before
{Heap before GC invocations=6 (full 0):
 PSYoungGen      total 31744K, used 31744K [0x00000000ed780000, 0x00000000f1e80000, 0x0000000100000000)
  eden space 29696K, 100% used [0x00000000ed780000,0x00000000ef480000,0x00000000ef480000)
  from space 2048K, 100% used [0x00000000ef480000,0x00000000ef680000,0x00000000ef680000)
  to   space 6656K, 0% used [0x00000000f1800000,0x00000000f1800000,0x00000000f1e80000)
 ParOldGen       total 38400K, used 10627K [0x00000000c8600000, 0x00000000cab80000, 0x00000000ed780000)
  object space 38400K, 27% used [0x00000000c8600000,0x00000000c9060c30,0x00000000cab80000)
 Metaspace       used 15663K, capacity 16006K, committed 16128K, reserved 1062912K
  class space    used 1913K, capacity 2015K, committed 2048K, reserved 1048576K
Event: 35.152 GC heap after
Heap after GC invocations=6 (full 0):
 PSYoungGen      total 66048K, used 4554K [0x00000000ed780000, 0x00000000f1e80000, 0x0000000100000000)
  eden space 59392K, 0% used [0x00000000ed780000,0x00000000ed780000,0x00000000f1180000)
  from space 6656K, 68% used [0x00000000f1800000,0x00000000f1c72810,0x00000000f1e80000)
  to   space 6656K, 0% used [0x00000000f1180000,0x00000000f1180000,0x00000000f1800000)
 ParOldGen       total 38400K, used 10635K [0x00000000c8600000, 0x00000000cab80000, 0x00000000ed780000)
  object space 38400K, 27% used [0x00000000c8600000,0x00000000c9062c30,0x00000000cab80000)
 Metaspace       used 15663K, capacity 16006K, committed 16128K, reserved 1062912K
  class space    used 1913K, capacity 2015K, committed 2048K, reserved 1048576K
}
Event: 45.161 GC heap before
{Heap before GC invocations=7 (full 0):
 PSYoungGen      total 66048K, used 63946K [0x00000000ed780000, 0x00000000f1e80000, 0x0000000100000000)
  eden space 59392K, 100% used [0x00000000ed780000,0x00000000f1180000,0x00000000f1180000)
  from space 6656K, 68% used [0x00000000f1800000,0x00000000f1c72810,0x00000000f1e80000)
  to   space 6656K, 0% used [0x00000000f1180000,0x00000000f1180000,0x00000000f1800000)
 ParOldGen       total 38400K, used 10635K [0x00000000c8600000, 0x00000000cab80000, 0x00000000ed780000)
  object space 38400K, 27% used [0x00000000c8600000,0x00000000c9062c30,0x00000000cab80000)
 Metaspace       used 20303K, capacity 20812K, committed 21120K, reserved 1067008K
  class space    used 2478K, capacity 2616K, committed 2688K, reserved 1048576K
Event: 45.226 GC heap after
Heap after GC invocations=7 (full 0):
 PSYoungGen      total 64000K, used 6647K [0x00000000ed780000, 0x00000000f1f80000, 0x0000000100000000)
  eden space 57344K, 0% used [0x00000000ed780000,0x00000000ed780000,0x00000000f0f80000)
  from space 6656K, 99% used [0x00000000f1180000,0x00000000f17fdd68,0x00000000f1800000)
  to   space 7680K, 0% used [0x00000000f1800000,0x00000000f1800000,0x00000000f1f80000)
 ParOldGen       total 38400K, used 11866K [0x00000000c8600000, 0x00000000cab80000, 0x00000000ed780000)
  object space 38400K, 30% used [0x00000000c8600000,0x00000000c9196ad8,0x00000000cab80000)
 Metaspace       used 20303K, capacity 20812K, committed 21120K, reserved 1067008K
  class space    used 2478K, capacity 2616K, committed 2688K, reserved 1048576K
}
Event: 46.643 GC heap before
{Heap before GC invocations=8 (full 0):
 PSYoungGen      total 64000K, used 8984K [0x00000000ed780000, 0x00000000f1f80000, 0x0000000100000000)
  eden space 57344K, 4% used [0x00000000ed780000,0x00000000ed9c8498,0x00000000f0f80000)
  from space 6656K, 99% used [0x00000000f1180000,0x00000000f17fdd68,0x00000000f1800000)
  to   space 7680K, 0% used [0x00000000f1800000,0x00000000f1800000,0x00000000f1f80000)
 ParOldGen       total 38400K, used 11866K [0x00000000c8600000, 0x00000000cab80000, 0x00000000ed780000)
  object space 38400K, 30% used [0x00000000c8600000,0x00000000c9196ad8,0x00000000cab80000)
 Metaspace       used 20692K, capacity 21164K, committed 21296K, reserved 1069056K
  class space    used 2512K, capacity 2648K, committed 2688K, reserved 1048576K
Event: 46.678 GC heap after
Heap after GC invocations=8 (full 0):
 PSYoungGen      total 65536K, used 6395K [0x00000000ed780000, 0x00000000f5780000, 0x0000000100000000)
  eden space 57856K, 0% used [0x00000000ed780000,0x00000000ed780000,0x00000000f1000000)
  from space 7680K, 83% used [0x00000000f1800000,0x00000000f1e3edf0,0x00000000f1f80000)
  to   space 8192K, 0% used [0x00000000f1000000,0x00000000f1000000,0x00000000f1800000)
 ParOldGen       total 38400K, used 12514K [0x00000000c8600000, 0x00000000cab80000, 0x00000000ed780000)
  object space 38400K, 32% used [0x00000000c8600000,0x00000000c9238ad8,0x00000000cab80000)
 Metaspace       used 20692K, capacity 21164K, committed 21296K, reserved 1069056K
  class space    used 2512K, capacity 2648K, committed 2688K, reserved 1048576K
}
Event: 46.678 GC heap before
{Heap before GC invocations=9 (full 1):
 PSYoungGen      total 65536K, used 6395K [0x00000000ed780000, 0x00000000f5780000, 0x0000000100000000)
  eden space 57856K, 0% used [0x00000000ed780000,0x00000000ed780000,0x00000000f1000000)
  from space 7680K, 83% used [0x00000000f1800000,0x00000000f1e3edf0,0x00000000f1f80000)
  to   space 8192K, 0% used [0x00000000f1000000,0x00000000f1000000,0x00000000f1800000)
 ParOldGen       total 38400K, used 12514K [0x00000000c8600000, 0x00000000cab80000, 0x00000000ed780000)
  object space 38400K, 32% used [0x00000000c8600000,0x00000000c9238ad8,0x00000000cab80000)
 Metaspace       used 20692K, capacity 21164K, committed 21296K, reserved 1069056K
  class space    used 2512K, capacity 2648K, committed 2688K, reserved 1048576K
Event: 46.945 GC heap after
Heap after GC invocations=9 (full 1):
 PSYoungGen      total 65536K, used 0K [0x00000000ed780000, 0x00000000f5780000, 0x0000000100000000)
  eden space 57856K, 0% used [0x00000000ed780000,0x00000000ed780000,0x00000000f1000000)
  from space 7680K, 0% used [0x00000000f1800000,0x00000000f1800000,0x00000000f1f80000)
  to   space 8192K, 0% used [0x00000000f1000000,0x00000000f1000000,0x00000000f1800000)
 ParOldGen       total 38400K, used 13806K [0x00000000c8600000, 0x00000000cab80000, 0x00000000ed780000)
  object space 38400K, 35% used [0x00000000c8600000,0x00000000c937bbd8,0x00000000cab80000)
 Metaspace       used 20692K, capacity 21164K, committed 21296K, reserved 1069056K
  class space    used 2512K, capacity 2648K, committed 2688K, reserved 1048576K
}

Deoptimization events (10 events):
Event: 50.864 Thread 0x0000000001d71800 Uncommon trap: reason=array_check action=maybe_recompile pc=0x00000000031efbd4 method=java.util.TimSort.binarySort([Ljava/lang/Object;IIILjava/util/Comparator;)V @ 193
Event: 50.947 Thread 0x0000000001d71800 Uncommon trap: reason=unstable_if action=reinterpret pc=0x0000000002ab4200 method=com.google.inject.internal.MoreTypes.canonicalize(Ljava/lang/reflect/Type;)Ljava/lang/reflect/Type; @ 16
Event: 50.948 Thread 0x0000000001d71800 Uncommon trap: reason=class_check action=maybe_recompile pc=0x0000000002a9056c method=com.google.inject.internal.MoreTypes.getRawType(Ljava/lang/reflect/Type;)Ljava/lang/Class; @ 13
Event: 50.955 Thread 0x0000000001d71800 Uncommon trap: reason=unstable_if action=reinterpret pc=0x0000000002a92600 method=com.google.inject.internal.MoreTypes.canonicalize(Ljava/lang/reflect/Type;)Ljava/lang/reflect/Type; @ 16
Event: 50.955 Thread 0x0000000001d71800 Uncommon trap: reason=class_check action=maybe_recompile pc=0x0000000002a9056c method=com.google.inject.internal.MoreTypes.getRawType(Ljava/lang/reflect/Type;)Ljava/lang/Class; @ 13
Event: 50.956 Thread 0x0000000001d71800 Uncommon trap: reason=class_check action=maybe_recompile pc=0x0000000002a9056c method=com.google.inject.internal.MoreTypes.getRawType(Ljava/lang/reflect/Type;)Ljava/lang/Class; @ 13
Event: 50.979 Thread 0x0000000001d71800 Uncommon trap: reason=class_check action=maybe_recompile pc=0x0000000002a9056c method=com.google.inject.internal.MoreTypes.getRawType(Ljava/lang/reflect/Type;)Ljava/lang/Class; @ 13
Event: 51.565 Thread 0x0000000058b46800 Uncommon trap: reason=null_check action=make_not_entrant pc=0x0000000002853e50 method=java.lang.StringCoding.deref(Ljava/lang/ThreadLocal;)Ljava/lang/Object; @ 4
Event: 52.081 Thread 0x0000000001d71800 Uncommon trap: reason=array_check action=maybe_recompile pc=0x00000000031f3a38 method=java.util.TimSort.binarySort([Ljava/lang/Object;IIILjava/util/Comparator;)V @ 215
Event: 52.081 Thread 0x0000000001d71800 Uncommon trap: reason=array_check action=maybe_recompile pc=0x00000000031f3a38 method=java.util.TimSort.binarySort([Ljava/lang/Object;IIILjava/util/Comparator;)V @ 215

Classes redefined (0 events):
No events

Internal exceptions (10 events):
Event: 27.995 Thread 0x0000000001d71800 Implicit null exception at 0x0000000002824986 to 0x0000000002824d0d
Event: 27.995 Thread 0x0000000001d71800 Implicit null exception at 0x00000000027f99c6 to 0x00000000027f9d49
Event: 29.238 Thread 0x0000000001d71800 Implicit null exception at 0x000000000296d385 to 0x000000000296d551
Event: 29.238 Thread 0x0000000001d71800 Implicit null exception at 0x00000000028468ef to 0x0000000002846955
Event: 33.971 Thread 0x0000000001d71800 Implicit null exception at 0x0000000002cc5699 to 0x0000000002cc6825
Event: 42.873 Thread 0x0000000001d71800 Exception <a 'java/lang/ClassNotFoundException': com/sun/tools/javac/api/JavacTool> (0x00000000f066a848) thrown at [C:\re\workspace\8-2-build-windows-amd64-cygwin\jdk8u201\12322\hotspot\src\share\vm\classfile\systemDictionary.cpp, line 210]
Event: 47.092 Thread 0x0000000001d71800 Exception <a 'java/io/FileNotFoundException'> (0x00000000edbae2d0) thrown at [C:\re\workspace\8-2-build-windows-amd64-cygwin\jdk8u201\12322\hotspot\src\share\vm\prims\jni.cpp, line 709]
Event: 47.115 Thread 0x0000000001d71800 Exception <a 'java/io/FileNotFoundException'> (0x00000000edbe2f18) thrown at [C:\re\workspace\8-2-build-windows-amd64-cygwin\jdk8u201\12322\hotspot\src\share\vm\prims\jni.cpp, line 709]
Event: 51.047 Thread 0x0000000001d71800 Exception <a 'java/lang/NoSuchMethodError': org.apache.maven.execution.MavenExecutionRequest.getFailureBehavior()Ljava/lang/String;> (0x00000000efd497c0) thrown at [C:\re\workspace\8-2-build-windows-amd64-cygwin\jdk8u201\12322\hotspot\src\share\vm\interpr
Event: 51.565 Thread 0x0000000058b46800 Implicit null exception at 0x00000000028530a8 to 0x0000000002853e41

Events (10 events):
Event: 52.078 loading class org/apache/maven/plugin/war/WarManifestMojo
Event: 52.078 loading class org/apache/maven/plugin/war/WarManifestMojo done
Event: 52.078 loading class org/apache/maven/plugin/war/WarManifestMojo
Event: 52.078 loading class org/apache/maven/plugin/war/WarManifestMojo done
Event: 52.081 Thread 0x0000000001d71800 Uncommon trap: trap_request=0xffffffd6 fr.pc=0x00000000031f3a38
Event: 52.081 Thread 0x0000000001d71800 DEOPT PACKING pc=0x00000000031f3a38 sp=0x000000000230d410
Event: 52.081 Thread 0x0000000001d71800 DEOPT UNPACKING pc=0x000000000262583b sp=0x000000000230d3b0 mode 2
Event: 52.081 Thread 0x0000000001d71800 Uncommon trap: trap_request=0xffffffd6 fr.pc=0x00000000031f3a38
Event: 52.081 Thread 0x0000000001d71800 DEOPT PACKING pc=0x00000000031f3a38 sp=0x000000000230d410
Event: 52.081 Thread 0x0000000001d71800 DEOPT UNPACKING pc=0x000000000262583b sp=0x000000000230d3b0 mode 2


Dynamic libraries:
0x000000013fa90000 - 0x000000013fac7000 	C:\Program Files\Java\jdk1.8.0_201\bin\java.exe
0x0000000077700000 - 0x00000000778a9000 	C:\Windows\SYSTEM32\ntdll.dll
0x00000000774e0000 - 0x00000000775ff000 	C:\Windows\system32\kernel32.dll
0x000007fefd7f0000 - 0x000007fefd85c000 	C:\Windows\system32\KERNELBASE.dll
0x000007fefe760000 - 0x000007fefe83b000 	C:\Windows\system32\ADVAPI32.dll
0x000007fefdb00000 - 0x000007fefdb9f000 	C:\Windows\system32\msvcrt.dll
0x000007fefdd80000 - 0x000007fefdd9f000 	C:\Windows\SYSTEM32\sechost.dll
0x000007fefe030000 - 0x000007fefe15d000 	C:\Windows\system32\RPCRT4.dll
0x0000000077600000 - 0x00000000776fa000 	C:\Windows\system32\USER32.dll
0x000007fefe640000 - 0x000007fefe6a7000 	C:\Windows\system32\GDI32.dll
0x000007feff5d0000 - 0x000007feff5de000 	C:\Windows\system32\LPK.dll
0x000007fefdcb0000 - 0x000007fefdd79000 	C:\Windows\system32\USP10.dll
0x000007fefbec0000 - 0x000007fefc0b4000 	C:\Windows\WinSxS\amd64_microsoft.windows.common-controls_6595b64144ccf1df_6.0.7601.17514_none_fa396087175ac9ac\COMCTL32.dll
0x000007feff660000 - 0x000007feff6d1000 	C:\Windows\system32\SHLWAPI.dll
0x000007fefddc0000 - 0x000007fefddee000 	C:\Windows\system32\IMM32.DLL
0x000007fefdba0000 - 0x000007fefdca9000 	C:\Windows\system32\MSCTF.dll
0x0000000067be0000 - 0x0000000067cb1000 	C:\Program Files\Java\jdk1.8.0_201\jre\bin\msvcr100.dll
0x00000000544a0000 - 0x0000000054d44000 	C:\Program Files\Java\jdk1.8.0_201\jre\bin\server\jvm.dll
0x000007fef2db0000 - 0x000007fef2db9000 	C:\Windows\system32\WSOCK32.dll
0x000007fefd920000 - 0x000007fefd96d000 	C:\Windows\system32\WS2_32.dll
0x000007fefe750000 - 0x000007fefe758000 	C:\Windows\system32\NSI.dll
0x000007fefb4a0000 - 0x000007fefb4db000 	C:\Windows\system32\WINMM.dll
0x000007fefc5b0000 - 0x000007fefc5bc000 	C:\Windows\system32\VERSION.dll
0x00000000778c0000 - 0x00000000778c7000 	C:\Windows\system32\PSAPI.DLL
0x000007fef22d0000 - 0x000007fef22df000 	C:\Program Files\Java\jdk1.8.0_201\jre\bin\verify.dll
0x000007feec680000 - 0x000007feec6a9000 	C:\Program Files\Java\jdk1.8.0_201\jre\bin\java.dll
0x000007feed430000 - 0x000007feed446000 	C:\Program Files\Java\jdk1.8.0_201\jre\bin\zip.dll
0x000007fefe840000 - 0x000007feff5c8000 	C:\Windows\system32\SHELL32.dll
0x000007fefe430000 - 0x000007fefe633000 	C:\Windows\system32\ole32.dll
0x000007fefd4c0000 - 0x000007fefd4cf000 	C:\Windows\system32\profapi.dll
0x000007fef0060000 - 0x000007fef006a000 	C:\apache-maven-3.6.1\lib\jansi-native\windows64\jansi.dll
0x000007feefc80000 - 0x000007feefc9a000 	C:\Program Files\Java\jdk1.8.0_201\jre\bin\net.dll
0x000007fefd970000 - 0x000007fefdaf6000 	C:\Windows\system32\urlmon.dll
0x000007fefd790000 - 0x000007fefd794000 	C:\Windows\system32\api-ms-win-downlevel-ole32-l1-1-0.dll
0x000007fefd4e0000 - 0x000007fefd4e4000 	C:\Windows\system32\api-ms-win-downlevel-shlwapi-l1-1-0.dll
0x000007fefd700000 - 0x000007fefd705000 	C:\Windows\system32\api-ms-win-downlevel-advapi32-l1-1-0.dll
0x000007fefd7e0000 - 0x000007fefd7e4000 	C:\Windows\system32\api-ms-win-downlevel-user32-l1-1-0.dll
0x000007fefd870000 - 0x000007fefd874000 	C:\Windows\system32\api-ms-win-downlevel-version-l1-1-0.dll
0x000007fefd860000 - 0x000007fefd863000 	C:\Windows\system32\api-ms-win-downlevel-normaliz-l1-1-0.dll
0x00000000778d0000 - 0x00000000778d3000 	C:\Windows\system32\normaliz.DLL
0x000007fefe160000 - 0x000007fefe427000 	C:\Windows\system32\iertutil.dll
0x000007feff7c0000 - 0x000007feffa0b000 	C:\Windows\system32\WININET.dll
0x000007fefd7a0000 - 0x000007fefd7be000 	C:\Windows\system32\USERENV.dll
0x000007fefcc60000 - 0x000007fefccb5000 	C:\Windows\system32\mswsock.dll
0x000007fefcc50000 - 0x000007fefcc57000 	C:\Windows\System32\wship6.dll
0x000007feed390000 - 0x000007feed3a1000 	C:\Program Files\Java\jdk1.8.0_201\jre\bin\nio.dll
0x000007fefa6a0000 - 0x000007fefa6ad000 	C:\Program Files\Java\jdk1.8.0_201\jre\bin\management.dll
0x000007fefb540000 - 0x000007fefb555000 	C:\Windows\system32\NLAapi.dll
0x000007fef23d0000 - 0x000007fef23e5000 	C:\Windows\system32\napinsp.dll
0x000007fef23b0000 - 0x000007fef23c9000 	C:\Windows\system32\pnrpnsp.dll
0x000007fefcae0000 - 0x000007fefcb3b000 	C:\Windows\system32\DNSAPI.dll
0x000007fef23a0000 - 0x000007fef23ab000 	C:\Windows\System32\winrnr.dll
0x000007fef8d70000 - 0x000007fef8d80000 	C:\Windows\system32\wshbth.dll
0x000007fefc680000 - 0x000007fefc687000 	C:\Windows\System32\wshtcpip.dll
0x000007fefa900000 - 0x000007fefa927000 	C:\Windows\system32\IPHLPAPI.DLL
0x000007fefa8b0000 - 0x000007fefa8bb000 	C:\Windows\system32\WINNSI.DLL
0x000007fef8d60000 - 0x000007fef8d68000 	C:\Windows\system32\rasadhlp.dll
0x000007fefa0d0000 - 0x000007fefa123000 	C:\Windows\System32\fwpuclnt.dll

VM Arguments:
jvm_args: -Dclassworlds.conf=C:\apache-maven-3.6.1\bin\..\bin\m2.conf -Dmaven.home=C:\apache-maven-3.6.1\bin\.. -Dlibrary.jansi.path=C:\apache-maven-3.6.1\bin\..\lib\jansi-native -Dmaven.multiModuleProjectDirectory=C:\Users\Work\IdeaProjects\GeekFactory_Web04_Murtazin\web 
java_command: org.codehaus.plexus.classworlds.launcher.Launcher clean package
java_class_path (initial): C:\apache-maven-3.6.1\bin\..\boot\plexus-classworlds-2.6.0.jar
Launcher Type: SUN_STANDARD

Environment Variables:
JAVA_HOME=C:\Program Files\Java\jdk1.8.0_201\
PATH=C:\apache-maven-3.6.1\bin;%JAVA_HOME%\bin;C:\Program Files (x86)\Common Files\Oracle\Java\javapath;F:\Program Files (x86)\CollabNet;F:\Program Files (x86)\Embarcadero\RAD Studio\10.0\bin;C:\Users\Public\Documents\RAD Studio\10.0\Bpl;F:\Program Files (x86)\Embarcadero\RAD Studio\10.0\bin64;C:\Users\Public\Documents\RAD Studio\10.0\Bpl\Win64;C:\Windows\system32;C:\Windows;C:\Windows\System32\Wbem;C:\Windows\System32\WindowsPowerShell\v1.0\;C:\Program Files (x86)\ATI Technologies\ATI.ACE\Core-Static;C:\Program Files (x86)\Microsoft SQL Server\100\Tools\Binn\;C:\Program Files\Microsoft SQL Server\100\Tools\Binn\;C:\Program Files\Microsoft SQL Server\100\DTS\Binn\;C:\Program Files\PuTTY\;C:\Program Files\Git\cmd
USERNAME=Work
OS=Windows_NT
PROCESSOR_IDENTIFIER=AMD64 Family 22 Model 0 Stepping 1, AuthenticAMD



---------------  S Y S T E M  ---------------

OS: Windows 7 , 64 bit Build 7601 (6.1.7601.18409)

CPU:total 2 (initial active 2) (2 cores per cpu, 1 threads per core) family 22 model 0 stepping 1, cmov, cx8, fxsr, mmx, sse, sse2, sse3, ssse3, sse4.1, sse4.2, popcnt, avx, aes, clmul, mmxext, 3dnowpref, lzcnt, sse4a, tsc, tscinvbit, tscinv, bmi1

Memory: 4k page, physical 3638392k(185776k free), swap 7830652k(5652k free)

vm_info: Java HotSpot(TM) 64-Bit Server VM (25.201-b09) for windows-amd64 JRE (1.8.0_201-b09), built on Dec 15 2018 18:36:39 by "java_re" with MS VC++ 10.0 (VS2010)

time: Thu Sep 05 22:36:53 2019
timezone: Романское время (зима)
elapsed time: 52 seconds (0d 0h 0m 52s)

