#
# There is insufficient memory for the Java Runtime Environment to continue.
# Native memory allocation (malloc) failed to allocate 32744 bytes for ChunkPool::allocate
# Possible reasons:
#   The system is out of physical RAM or swap space
#   The process is running with CompressedOops enabled, and the Java Heap may be blocking the growth of the native heap
# Possible solutions:
#   Reduce memory load on the system
#   Increase physical memory or swap space
#   Check if swap backing store is full
#   Decrease Java heap size (-Xmx/-Xms)
#   Decrease number of Java threads
#   Decrease Java thread stack sizes (-Xss)
#   Set larger code cache with -XX:ReservedCodeCacheSize=
#   JVM is running with Unscaled Compressed Oops mode in which the Java heap is
#     placed in the first 4GB address space. The Java Heap base address is the
#     maximum limit for the native heap growth. Please use -XX:HeapBaseMinAddress
#     to set the Java Heap base and to place the Java Heap above 4GB virtual address.
# This output file may be truncated or incomplete.
#
#  Out of Memory Error (allocation.cpp:273), pid=7568, tid=0x0000000000001230
#
# JRE version: Java(TM) SE Runtime Environment (8.0_201-b09) (build 1.8.0_201-b09)
# Java VM: Java HotSpot(TM) 64-Bit Server VM (25.201-b09 mixed mode windows-amd64 compressed oops)
# Failed to write core dump. Minidumps are not enabled by default on client versions of Windows
#

---------------  T H R E A D  ---------------

Current thread (0x00000000543ed800):  JavaThread "C2 CompilerThread0" daemon [_thread_in_native, id=4656, stack(0x0000000056100000,0x0000000056200000)]

Stack: [0x0000000056100000,0x0000000056200000]
[error occurred during error reporting (printing stack bounds), id 0xc0000005]

Native frames: (J=compiled Java code, j=interpreted, Vv=VM code, C=native code)


Current CompileTask:
C2:  66476 3942   !   4       org.codehaus.plexus.interpolation.ObjectBasedValueSource::getValue (66 bytes)


---------------  P R O C E S S  ---------------

Java Threads: ( => current thread )
  0x0000000056210000 JavaThread "Service Thread" daemon [_thread_blocked, id=8412, stack(0x0000000056670000,0x0000000056770000)]
  0x000000005620b000 JavaThread "C1 CompilerThread1" daemon [_thread_in_native, id=9164, stack(0x0000000055930000,0x0000000055a30000)]
=>0x00000000543ed800 JavaThread "C2 CompilerThread0" daemon [_thread_in_native, id=4656, stack(0x0000000056100000,0x0000000056200000)]
  0x00000000543f2800 JavaThread "Attach Listener" daemon [_thread_blocked, id=6436, stack(0x0000000055fb0000,0x00000000560b0000)]
  0x00000000543f1000 JavaThread "Signal Dispatcher" daemon [_thread_blocked, id=5344, stack(0x0000000055dc0000,0x0000000055ec0000)]
  0x00000000543cf000 JavaThread "Finalizer" daemon [_thread_blocked, id=6592, stack(0x0000000055c60000,0x0000000055d60000)]
  0x00000000543c6000 JavaThread "Reference Handler" daemon [_thread_blocked, id=6744, stack(0x0000000055aa0000,0x0000000055ba0000)]
  0x0000000001d71800 JavaThread "main" [_thread_in_native, id=3172, stack(0x0000000001fd0000,0x00000000020d0000)]

Other Threads:
  0x000000005437e000 VMThread [stack: 0x0000000055820000,0x0000000055920000] [id=9588]
  0x000000005621c800 WatcherThread [stack: 0x0000000056860000,0x0000000056960000] [id=6720]

VM state:not at safepoint (normal execution)

VM Mutex/Monitor currently owned by a thread: None

heap address: 0x00000000c8600000, size: 890 MB, Compressed Oops mode: 32-bit
Narrow klass base: 0x0000000000000000, Narrow klass shift: 0
Compressed class space size: 1073741824 Address: 0x0000000013a50000

Heap:
 PSYoungGen      total 65024K, used 35200K [0x00000000ed780000, 0x00000000f4680000, 0x0000000100000000)
  eden space 59392K, 59% used [0x00000000ed780000,0x00000000ef9e0320,0x00000000f1180000)
  from space 5632K, 0% used [0x00000000f1180000,0x00000000f1180000,0x00000000f1700000)
  to   space 9216K, 0% used [0x00000000f3d80000,0x00000000f3d80000,0x00000000f4680000)
 ParOldGen       total 39936K, used 16612K [0x00000000c8600000, 0x00000000cad00000, 0x00000000ed780000)
  object space 39936K, 41% used [0x00000000c8600000,0x00000000c96391c0,0x00000000cad00000)
 Metaspace       used 23026K, capacity 23564K, committed 23936K, reserved 1071104K
  class space    used 2709K, capacity 2845K, committed 2944K, reserved 1048576K

Card table byte_map: [0x0000000011760000,0x0000000011920000] byte_map_base: 0x000000001111d000

Marking Bits: (ParMarkBitMap*) 0x0000000054cc4ce0
 Begin Bits: [0x0000000011cc0000, 0x0000000012aa8000)
 End Bits:   [0x0000000012aa8000, 0x0000000013890000)

Polling page: 0x0000000000210000

CodeCache: size=245760Kb used=11733Kb max_used=11733Kb free=234026Kb
 bounds [0x00000000023a0000, 0x0000000002f30000, 0x00000000113a0000]
 total_blobs=3963 nmethods=3547 adapters=329
 compilation: enabled

Compilation events (10 events):
Event: 66.126 Thread 0x000000005620b000 nmethod 3979 0x0000000002a872d0 code [0x0000000002a874a0, 0x0000000002a87cf8]
Event: 66.126 Thread 0x000000005620b000 3978       3       org.apache.maven.model.building.DefaultModelProblemCollector::<init> (77 bytes)
Event: 66.128 Thread 0x000000005620b000 nmethod 3978 0x0000000002f21750 code [0x0000000002f21940, 0x0000000002f22138]
Event: 66.128 Thread 0x000000005620b000 3980       1       org.apache.maven.model.building.DefaultModelBuildingRequest::getModelBuildingListener (5 bytes)
Event: 66.128 Thread 0x000000005620b000 nmethod 3980 0x000000000297f610 code [0x000000000297f760, 0x000000000297f870]
Event: 66.150 Thread 0x000000005620b000 3983       3       org.eclipse.aether.graph.Dependency::equals (96 bytes)
Event: 66.153 Thread 0x000000005620b000 nmethod 3983 0x0000000002f22410 code [0x0000000002f22600, 0x0000000002f23238]
Event: 66.153 Thread 0x000000005620b000 3985       3       org.eclipse.aether.resolution.ArtifactDescriptorResult::<init> (73 bytes)
Event: 66.155 Thread 0x000000005620b000 nmethod 3985 0x0000000002f23510 code [0x0000000002f236e0, 0x0000000002f23d88]
Event: 66.155 Thread 0x000000005620b000 3984   !   3       org.eclipse.aether.internal.impl.collect.DefaultDependencyCollector::filterVersions (196 bytes)

GC Heap History (10 events):
Event: 46.041 GC heap before
{Heap before GC invocations=6 (full 0):
 PSYoungGen      total 16896K, used 16880K [0x00000000ed780000, 0x00000000efe80000, 0x0000000100000000)
  eden space 14848K, 100% used [0x00000000ed780000,0x00000000ee600000,0x00000000ee600000)
  from space 2048K, 99% used [0x00000000ee600000,0x00000000ee7fc030,0x00000000ee800000)
  to   space 5120K, 0% used [0x00000000ef980000,0x00000000ef980000,0x00000000efe80000)
 ParOldGen       total 38400K, used 8255K [0x00000000c8600000, 0x00000000cab80000, 0x00000000ed780000)
  object space 38400K, 21% used [0x00000000c8600000,0x00000000c8e0fd48,0x00000000cab80000)
 Metaspace       used 14789K, capacity 15010K, committed 15360K, reserved 1062912K
  class space    used 1824K, capacity 1941K, committed 2048K, reserved 1048576K
Event: 46.334 GC heap after
Heap after GC invocations=6 (full 0):
 PSYoungGen      total 34816K, used 4396K [0x00000000ed780000, 0x00000000efe80000, 0x0000000100000000)
  eden space 29696K, 0% used [0x00000000ed780000,0x00000000ed780000,0x00000000ef480000)
  from space 5120K, 85% used [0x00000000ef980000,0x00000000efdcb190,0x00000000efe80000)
  to   space 5120K, 0% used [0x00000000ef480000,0x00000000ef480000,0x00000000ef980000)
 ParOldGen       total 38400K, used 8255K [0x00000000c8600000, 0x00000000cab80000, 0x00000000ed780000)
  object space 38400K, 21% used [0x00000000c8600000,0x00000000c8e0fd48,0x00000000cab80000)
 Metaspace       used 14789K, capacity 15010K, committed 15360K, reserved 1062912K
  class space    used 1824K, capacity 1941K, committed 2048K, reserved 1048576K
}
Event: 52.441 GC heap before
{Heap before GC invocations=7 (full 0):
 PSYoungGen      total 34816K, used 34092K [0x00000000ed780000, 0x00000000efe80000, 0x0000000100000000)
  eden space 29696K, 100% used [0x00000000ed780000,0x00000000ef480000,0x00000000ef480000)
  from space 5120K, 85% used [0x00000000ef980000,0x00000000efdcb190,0x00000000efe80000)
  to   space 5120K, 0% used [0x00000000ef480000,0x00000000ef480000,0x00000000ef980000)
 ParOldGen       total 38400K, used 8255K [0x00000000c8600000, 0x00000000cab80000, 0x00000000ed780000)
  object space 38400K, 21% used [0x00000000c8600000,0x00000000c8e0fd48,0x00000000cab80000)
 Metaspace       used 15668K, capacity 16006K, committed 16128K, reserved 1062912K
  class space    used 1913K, capacity 2015K, committed 2048K, reserved 1048576K
Event: 52.478 GC heap after
Heap after GC invocations=7 (full 0):
 PSYoungGen      total 34816K, used 4829K [0x00000000ed780000, 0x00000000f1c80000, 0x0000000100000000)
  eden space 29696K, 0% used [0x00000000ed780000,0x00000000ed780000,0x00000000ef480000)
  from space 5120K, 94% used [0x00000000ef480000,0x00000000ef937750,0x00000000ef980000)
  to   space 5632K, 0% used [0x00000000f1700000,0x00000000f1700000,0x00000000f1c80000)
 ParOldGen       total 38400K, used 8967K [0x00000000c8600000, 0x00000000cab80000, 0x00000000ed780000)
  object space 38400K, 23% used [0x00000000c8600000,0x00000000c8ec1dd8,0x00000000cab80000)
 Metaspace       used 15668K, capacity 16006K, committed 16128K, reserved 1062912K
  class space    used 1913K, capacity 2015K, committed 2048K, reserved 1048576K
}
Event: 56.177 GC heap before
{Heap before GC invocations=8 (full 0):
 PSYoungGen      total 34816K, used 34525K [0x00000000ed780000, 0x00000000f1c80000, 0x0000000100000000)
  eden space 29696K, 100% used [0x00000000ed780000,0x00000000ef480000,0x00000000ef480000)
  from space 5120K, 94% used [0x00000000ef480000,0x00000000ef937750,0x00000000ef980000)
  to   space 5632K, 0% used [0x00000000f1700000,0x00000000f1700000,0x00000000f1c80000)
 ParOldGen       total 38400K, used 8967K [0x00000000c8600000, 0x00000000cab80000, 0x00000000ed780000)
  object space 38400K, 23% used [0x00000000c8600000,0x00000000c8ec1dd8,0x00000000cab80000)
 Metaspace       used 16155K, capacity 16580K, committed 16768K, reserved 1064960K
  class space    used 1943K, capacity 2056K, committed 2176K, reserved 1048576K
Event: 56.221 GC heap after
Heap after GC invocations=8 (full 0):
 PSYoungGen      total 65024K, used 4963K [0x00000000ed780000, 0x00000000f1c80000, 0x0000000100000000)
  eden space 59392K, 0% used [0x00000000ed780000,0x00000000ed780000,0x00000000f1180000)
  from space 5632K, 88% used [0x00000000f1700000,0x00000000f1bd8ff0,0x00000000f1c80000)
  to   space 5632K, 0% used [0x00000000f1180000,0x00000000f1180000,0x00000000f1700000)
 ParOldGen       total 38400K, used 9631K [0x00000000c8600000, 0x00000000cab80000, 0x00000000ed780000)
  object space 38400K, 25% used [0x00000000c8600000,0x00000000c8f67dd8,0x00000000cab80000)
 Metaspace       used 16155K, capacity 16580K, committed 16768K, reserved 1064960K
  class space    used 1943K, capacity 2056K, committed 2176K, reserved 1048576K
}
Event: 61.387 GC heap before
{Heap before GC invocations=9 (full 0):
 PSYoungGen      total 65024K, used 46116K [0x00000000ed780000, 0x00000000f1c80000, 0x0000000100000000)
  eden space 59392K, 69% used [0x00000000ed780000,0x00000000effb01d8,0x00000000f1180000)
  from space 5632K, 88% used [0x00000000f1700000,0x00000000f1bd8ff0,0x00000000f1c80000)
  to   space 5632K, 0% used [0x00000000f1180000,0x00000000f1180000,0x00000000f1700000)
 ParOldGen       total 38400K, used 9631K [0x00000000c8600000, 0x00000000cab80000, 0x00000000ed780000)
  object space 38400K, 25% used [0x00000000c8600000,0x00000000c8f67dd8,0x00000000cab80000)
 Metaspace       used 20745K, capacity 21160K, committed 21296K, reserved 1069056K
  class space    used 2516K, capacity 2648K, committed 2688K, reserved 1048576K
Event: 61.477 GC heap after
Heap after GC invocations=9 (full 0):
 PSYoungGen      total 65024K, used 5623K [0x00000000ed780000, 0x00000000f4680000, 0x0000000100000000)
  eden space 59392K, 0% used [0x00000000ed780000,0x00000000ed780000,0x00000000f1180000)
  from space 5632K, 99% used [0x00000000f1180000,0x00000000f16fde78,0x00000000f1700000)
  to   space 9216K, 0% used [0x00000000f3d80000,0x00000000f3d80000,0x00000000f4680000)
 ParOldGen       total 38400K, used 16404K [0x00000000c8600000, 0x00000000cab80000, 0x00000000ed780000)
  object space 38400K, 42% used [0x00000000c8600000,0x00000000c96050c8,0x00000000cab80000)
 Metaspace       used 20745K, capacity 21160K, committed 21296K, reserved 1069056K
  class space    used 2516K, capacity 2648K, committed 2688K, reserved 1048576K
}
Event: 61.477 GC heap before
{Heap before GC invocations=10 (full 1):
 PSYoungGen      total 65024K, used 5623K [0x00000000ed780000, 0x00000000f4680000, 0x0000000100000000)
  eden space 59392K, 0% used [0x00000000ed780000,0x00000000ed780000,0x00000000f1180000)
  from space 5632K, 99% used [0x00000000f1180000,0x00000000f16fde78,0x00000000f1700000)
  to   space 9216K, 0% used [0x00000000f3d80000,0x00000000f3d80000,0x00000000f4680000)
 ParOldGen       total 38400K, used 16404K [0x00000000c8600000, 0x00000000cab80000, 0x00000000ed780000)
  object space 38400K, 42% used [0x00000000c8600000,0x00000000c96050c8,0x00000000cab80000)
 Metaspace       used 20745K, capacity 21160K, committed 21296K, reserved 1069056K
  class space    used 2516K, capacity 2648K, committed 2688K, reserved 1048576K
Event: 61.813 GC heap after
Heap after GC invocations=10 (full 1):
 PSYoungGen      total 65024K, used 0K [0x00000000ed780000, 0x00000000f4680000, 0x0000000100000000)
  eden space 59392K, 0% used [0x00000000ed780000,0x00000000ed780000,0x00000000f1180000)
  from space 5632K, 0% used [0x00000000f1180000,0x00000000f1180000,0x00000000f1700000)
  to   space 9216K, 0% used [0x00000000f3d80000,0x00000000f3d80000,0x00000000f4680000)
 ParOldGen       total 39936K, used 16612K [0x00000000c8600000, 0x00000000cad00000, 0x00000000ed780000)
  object space 39936K, 41% used [0x00000000c8600000,0x00000000c96391c0,0x00000000cad00000)
 Metaspace       used 20745K, capacity 21160K, committed 21296K, reserved 1069056K
  class space    used 2516K, capacity 2648K, committed 2688K, reserved 1048576K
}

Deoptimization events (10 events):
Event: 63.818 Thread 0x0000000001d71800 Uncommon trap: reason=class_check action=maybe_recompile pc=0x0000000002b17720 method=java.util.regex.Pattern$CharProperty$1.isSatisfiedBy(I)Z @ 5
Event: 64.381 Thread 0x0000000001d71800 Uncommon trap: reason=unstable_if action=reinterpret pc=0x0000000002ca6878 method=org.codehaus.plexus.interpolation.StringSearchInterpolator.interpolate(Ljava/lang/String;Lorg/codehaus/plexus/interpolation/RecursionInterceptor;Ljava/util/Set;)Ljava/lang/S
Event: 65.459 Thread 0x0000000001d71800 Uncommon trap: reason=unstable_if action=reinterpret pc=0x0000000002d31afc method=java.lang.ClassLoader.getPackage(Ljava/lang/String;)Ljava/lang/Package; @ 60
Event: 65.579 Thread 0x0000000001d71800 Uncommon trap: reason=unstable_if action=reinterpret pc=0x00000000028839d0 method=com.google.inject.internal.MoreTypes.canonicalize(Ljava/lang/reflect/Type;)Ljava/lang/reflect/Type; @ 16
Event: 65.579 Thread 0x0000000001d71800 Uncommon trap: reason=class_check action=maybe_recompile pc=0x0000000002876fac method=com.google.inject.internal.MoreTypes.getRawType(Ljava/lang/reflect/Type;)Ljava/lang/Class; @ 13
Event: 65.581 Thread 0x0000000001d71800 Uncommon trap: reason=unstable_if action=reinterpret pc=0x000000000286bc40 method=com.google.inject.internal.MoreTypes.canonicalize(Ljava/lang/reflect/Type;)Ljava/lang/reflect/Type; @ 16
Event: 65.581 Thread 0x0000000001d71800 Uncommon trap: reason=class_check action=maybe_recompile pc=0x0000000002876fac method=com.google.inject.internal.MoreTypes.getRawType(Ljava/lang/reflect/Type;)Ljava/lang/Class; @ 13
Event: 65.581 Thread 0x0000000001d71800 Uncommon trap: reason=class_check action=maybe_recompile pc=0x0000000002876fac method=com.google.inject.internal.MoreTypes.getRawType(Ljava/lang/reflect/Type;)Ljava/lang/Class; @ 13
Event: 65.593 Thread 0x0000000001d71800 Uncommon trap: reason=class_check action=maybe_recompile pc=0x0000000002876fac method=com.google.inject.internal.MoreTypes.getRawType(Ljava/lang/reflect/Type;)Ljava/lang/Class; @ 13
Event: 66.172 Thread 0x0000000058049800 Uncommon trap: reason=null_check action=make_not_entrant pc=0x000000000278b950 method=java.lang.StringCoding.deref(Ljava/lang/ThreadLocal;)Ljava/lang/Object; @ 4

Classes redefined (0 events):
No events

Internal exceptions (10 events):
Event: 43.912 Thread 0x0000000001d71800 Implicit null exception at 0x00000000025f4906 to 0x00000000025f4c8d
Event: 43.912 Thread 0x0000000001d71800 Implicit null exception at 0x000000000259ac86 to 0x000000000259b009
Event: 45.295 Thread 0x0000000001d71800 Implicit null exception at 0x0000000002736d85 to 0x0000000002736f51
Event: 45.295 Thread 0x0000000001d71800 Implicit null exception at 0x00000000026dc62f to 0x00000000026dc695
Event: 48.914 Thread 0x0000000001d71800 Implicit null exception at 0x0000000002a5b619 to 0x0000000002a5c7a5
Event: 58.477 Thread 0x0000000001d71800 Exception <a 'java/lang/ClassNotFoundException': com/sun/tools/javac/api/JavacTool> (0x00000000ee8f3540) thrown at [C:\re\workspace\8-2-build-windows-amd64-cygwin\jdk8u201\12322\hotspot\src\share\vm\classfile\systemDictionary.cpp, line 210]
Event: 61.142 Thread 0x0000000001d71800 Exception <a 'java/io/FileNotFoundException'> (0x00000000efa61830) thrown at [C:\re\workspace\8-2-build-windows-amd64-cygwin\jdk8u201\12322\hotspot\src\share\vm\prims\jni.cpp, line 709]
Event: 61.196 Thread 0x0000000001d71800 Exception <a 'java/io/FileNotFoundException'> (0x00000000efa98378) thrown at [C:\re\workspace\8-2-build-windows-amd64-cygwin\jdk8u201\12322\hotspot\src\share\vm\prims\jni.cpp, line 709]
Event: 65.643 Thread 0x0000000001d71800 Exception <a 'java/lang/NoSuchMethodError': org.apache.maven.execution.MavenExecutionRequest.getFailureBehavior()Ljava/lang/String;> (0x00000000ef395468) thrown at [C:\re\workspace\8-2-build-windows-amd64-cygwin\jdk8u201\12322\hotspot\src\share\vm\interpr
Event: 66.172 Thread 0x0000000058049800 Implicit null exception at 0x000000000278af1d to 0x000000000278b941

Events (10 events):
Event: 65.984 loading class sun/management/VMManagementImpl done
Event: 65.985 loading class sun/management/RuntimeImpl
Event: 65.985 loading class java/lang/management/RuntimeMXBean
Event: 65.986 loading class java/lang/management/PlatformManagedObject
Event: 65.986 loading class java/lang/management/PlatformManagedObject done
Event: 65.986 loading class java/lang/management/RuntimeMXBean done
Event: 65.987 loading class sun/management/RuntimeImpl done
Event: 66.172 Thread 0x0000000058049800 Uncommon trap: trap_request=0xfffffff4 fr.pc=0x000000000278b950
Event: 66.172 Thread 0x0000000058049800 DEOPT PACKING pc=0x000000000278b950 sp=0x0000000059e9e710
Event: 66.172 Thread 0x0000000058049800 DEOPT UNPACKING pc=0x00000000023e583b sp=0x0000000059e9e618 mode 2


Dynamic libraries:
0x000000013fba0000 - 0x000000013fbd7000 	C:\Program Files\Java\jdk1.8.0_201\bin\java.exe
0x0000000077700000 - 0x00000000778a9000 	C:\Windows\SYSTEM32\ntdll.dll
0x00000000774e0000 - 0x00000000775ff000 	C:\Windows\system32\kernel32.dll
0x000007fefd7f0000 - 0x000007fefd85c000 	C:\Windows\system32\KERNELBASE.dll
0x000007fefe760000 - 0x000007fefe83b000 	C:\Windows\system32\ADVAPI32.dll
0x000007fefdb00000 - 0x000007fefdb9f000 	C:\Windows\system32\msvcrt.dll
0x000007fefdd80000 - 0x000007fefdd9f000 	C:\Windows\SYSTEM32\sechost.dll
0x000007fefe030000 - 0x000007fefe15d000 	C:\Windows\system32\RPCRT4.dll
0x0000000077600000 - 0x00000000776fa000 	C:\Windows\system32\USER32.dll
0x000007fefe640000 - 0x000007fefe6a7000 	C:\Windows\system32\GDI32.dll
0x000007feff5d0000 - 0x000007feff5de000 	C:\Windows\system32\LPK.dll
0x000007fefdcb0000 - 0x000007fefdd79000 	C:\Windows\system32\USP10.dll
0x000007fefbec0000 - 0x000007fefc0b4000 	C:\Windows\WinSxS\amd64_microsoft.windows.common-controls_6595b64144ccf1df_6.0.7601.17514_none_fa396087175ac9ac\COMCTL32.dll
0x000007feff660000 - 0x000007feff6d1000 	C:\Windows\system32\SHLWAPI.dll
0x000007fefddc0000 - 0x000007fefddee000 	C:\Windows\system32\IMM32.DLL
0x000007fefdba0000 - 0x000007fefdca9000 	C:\Windows\system32\MSCTF.dll
0x0000000067be0000 - 0x0000000067cb1000 	C:\Program Files\Java\jdk1.8.0_201\jre\bin\msvcr100.dll
0x00000000544a0000 - 0x0000000054d44000 	C:\Program Files\Java\jdk1.8.0_201\jre\bin\server\jvm.dll
0x000007fef2db0000 - 0x000007fef2db9000 	C:\Windows\system32\WSOCK32.dll
0x000007fefd920000 - 0x000007fefd96d000 	C:\Windows\system32\WS2_32.dll
0x000007fefe750000 - 0x000007fefe758000 	C:\Windows\system32\NSI.dll
0x000007fefb4a0000 - 0x000007fefb4db000 	C:\Windows\system32\WINMM.dll
0x000007fefc5b0000 - 0x000007fefc5bc000 	C:\Windows\system32\VERSION.dll
0x00000000778c0000 - 0x00000000778c7000 	C:\Windows\system32\PSAPI.DLL
0x000007fef22d0000 - 0x000007fef22df000 	C:\Program Files\Java\jdk1.8.0_201\jre\bin\verify.dll
0x000007feec680000 - 0x000007feec6a9000 	C:\Program Files\Java\jdk1.8.0_201\jre\bin\java.dll
0x000007feed430000 - 0x000007feed446000 	C:\Program Files\Java\jdk1.8.0_201\jre\bin\zip.dll
0x000007fefe840000 - 0x000007feff5c8000 	C:\Windows\system32\SHELL32.dll
0x000007fefe430000 - 0x000007fefe633000 	C:\Windows\system32\ole32.dll
0x000007fefd4c0000 - 0x000007fefd4cf000 	C:\Windows\system32\profapi.dll
0x000007fef0060000 - 0x000007fef006a000 	C:\apache-maven-3.6.1\lib\jansi-native\windows64\jansi.dll
0x000007feefc80000 - 0x000007feefc9a000 	C:\Program Files\Java\jdk1.8.0_201\jre\bin\net.dll
0x000007fefd970000 - 0x000007fefdaf6000 	C:\Windows\system32\urlmon.dll
0x000007fefd790000 - 0x000007fefd794000 	C:\Windows\system32\api-ms-win-downlevel-ole32-l1-1-0.dll
0x000007fefd4e0000 - 0x000007fefd4e4000 	C:\Windows\system32\api-ms-win-downlevel-shlwapi-l1-1-0.dll
0x000007fefd700000 - 0x000007fefd705000 	C:\Windows\system32\api-ms-win-downlevel-advapi32-l1-1-0.dll
0x000007fefd7e0000 - 0x000007fefd7e4000 	C:\Windows\system32\api-ms-win-downlevel-user32-l1-1-0.dll
0x000007fefd870000 - 0x000007fefd874000 	C:\Windows\system32\api-ms-win-downlevel-version-l1-1-0.dll
0x000007fefd860000 - 0x000007fefd863000 	C:\Windows\system32\api-ms-win-downlevel-normaliz-l1-1-0.dll
0x00000000778d0000 - 0x00000000778d3000 	C:\Windows\system32\normaliz.DLL
0x000007fefe160000 - 0x000007fefe427000 	C:\Windows\system32\iertutil.dll
0x000007feff7c0000 - 0x000007feffa0b000 	C:\Windows\system32\WININET.dll
0x000007fefd7a0000 - 0x000007fefd7be000 	C:\Windows\system32\USERENV.dll
0x000007fefcc60000 - 0x000007fefccb5000 	C:\Windows\system32\mswsock.dll
0x000007fefcc50000 - 0x000007fefcc57000 	C:\Windows\System32\wship6.dll
0x000007feed390000 - 0x000007feed3a1000 	C:\Program Files\Java\jdk1.8.0_201\jre\bin\nio.dll
0x000007fefa6a0000 - 0x000007fefa6ad000 	C:\Program Files\Java\jdk1.8.0_201\jre\bin\management.dll
0x000007fefb540000 - 0x000007fefb555000 	C:\Windows\system32\NLAapi.dll
0x000007fef23d0000 - 0x000007fef23e5000 	C:\Windows\system32\napinsp.dll
0x000007fef23b0000 - 0x000007fef23c9000 	C:\Windows\system32\pnrpnsp.dll
0x000007fefcae0000 - 0x000007fefcb3b000 	C:\Windows\system32\DNSAPI.dll
0x000007fef23a0000 - 0x000007fef23ab000 	C:\Windows\System32\winrnr.dll
0x000007fef8d70000 - 0x000007fef8d80000 	C:\Windows\system32\wshbth.dll
0x000007fefc680000 - 0x000007fefc687000 	C:\Windows\System32\wshtcpip.dll
0x000007fefa900000 - 0x000007fefa927000 	C:\Windows\system32\IPHLPAPI.DLL
0x000007fefa8b0000 - 0x000007fefa8bb000 	C:\Windows\system32\WINNSI.DLL
0x000007fef8d60000 - 0x000007fef8d68000 	C:\Windows\system32\rasadhlp.dll
0x000007fefa0d0000 - 0x000007fefa123000 	C:\Windows\System32\fwpuclnt.dll

VM Arguments:
jvm_args: -Dclassworlds.conf=C:\apache-maven-3.6.1\bin\..\bin\m2.conf -Dmaven.home=C:\apache-maven-3.6.1\bin\.. -Dlibrary.jansi.path=C:\apache-maven-3.6.1\bin\..\lib\jansi-native -Dmaven.multiModuleProjectDirectory=C:\Users\Work\IdeaProjects\GeekFactory_Web04_Murtazin\web 
java_command: org.codehaus.plexus.classworlds.launcher.Launcher clean package
java_class_path (initial): C:\apache-maven-3.6.1\bin\..\boot\plexus-classworlds-2.6.0.jar
Launcher Type: SUN_STANDARD

Environment Variables:
JAVA_HOME=C:\Program Files\Java\jdk1.8.0_201\
PATH=C:\apache-maven-3.6.1\bin;%JAVA_HOME%\bin;C:\Program Files (x86)\Common Files\Oracle\Java\javapath;F:\Program Files (x86)\CollabNet;F:\Program Files (x86)\Embarcadero\RAD Studio\10.0\bin;C:\Users\Public\Documents\RAD Studio\10.0\Bpl;F:\Program Files (x86)\Embarcadero\RAD Studio\10.0\bin64;C:\Users\Public\Documents\RAD Studio\10.0\Bpl\Win64;C:\Windows\system32;C:\Windows;C:\Windows\System32\Wbem;C:\Windows\System32\WindowsPowerShell\v1.0\;C:\Program Files (x86)\ATI Technologies\ATI.ACE\Core-Static;C:\Program Files (x86)\Microsoft SQL Server\100\Tools\Binn\;C:\Program Files\Microsoft SQL Server\100\Tools\Binn\;C:\Program Files\Microsoft SQL Server\100\DTS\Binn\;C:\Program Files\PuTTY\;C:\Program Files\Git\cmd
USERNAME=Work
OS=Windows_NT
PROCESSOR_IDENTIFIER=AMD64 Family 22 Model 0 Stepping 1, AuthenticAMD



---------------  S Y S T E M  ---------------

OS: Windows 7 , 64 bit Build 7601 (6.1.7601.18409)

CPU:total 2 (initial active 2) (2 cores per cpu, 1 threads per core) family 22 model 0 stepping 1, cmov, cx8, fxsr, mmx, sse, sse2, sse3, ssse3, sse4.1, sse4.2, popcnt, avx, aes, clmul, mmxext, 3dnowpref, lzcnt, sse4a, tsc, tscinvbit, tscinv, bmi1

Memory: 4k page, physical 3638392k(198040k free), swap 7830652k(4928k free)

vm_info: Java HotSpot(TM) 64-Bit Server VM (25.201-b09) for windows-amd64 JRE (1.8.0_201-b09), built on Dec 15 2018 18:36:39 by "java_re" with MS VC++ 10.0 (VS2010)

time: Thu Sep 05 22:56:42 2019
timezone: Романское время (зима)
elapsed time: 66 seconds (0d 0h 1m 6s)

